c:\users\young\desktop\source\halcon_extension\halcon_hik\build\halcon_hik.dir\debug\vc143.pdb
c:\users\young\desktop\source\halcon_extension\halcon_hik\build\halcon_hik.dir\debug\source\halcon_hik.c.obj
c:\users\young\desktop\source\halcon_extension\halcon_hik\build\halcon_hik.dir\debug\hhalcon_hik.obj
c:\users\young\desktop\source\halcon_extension\halcon_hik\build\halcon_hik.dir\debug\source\halcon_hik.cpp.obj
c:\users\young\desktop\source\halcon_extension\halcon_hik\build\hhalcon_hik.c
c:\users\young\desktop\source\halcon_extension\halcon_hik\build\cmakefiles\generate.stamp
c:\users\young\desktop\source\halcon_extension\halcon_hik\bin\halcon_hik.dll
c:\users\young\desktop\source\halcon_extension\halcon_hik\bin\halcon_hik.pdb
c:\users\young\desktop\source\halcon_extension\halcon_hik\bin\halcon_hik.lib
c:\users\young\desktop\source\halcon_extension\halcon_hik\bin\halcon_hik.exp
c:\users\young\desktop\source\halcon_extension\halcon_hik\build\halcon_hik.dir\debug\halcon_hik.ilk
c:\users\young\desktop\source\halcon_extension\halcon_hik\build\halcon_hik.dir\debug\halcon_hik.tlog\cl.command.1.tlog
c:\users\young\desktop\source\halcon_extension\halcon_hik\build\halcon_hik.dir\debug\halcon_hik.tlog\cl.items.tlog
c:\users\young\desktop\source\halcon_extension\halcon_hik\build\halcon_hik.dir\debug\halcon_hik.tlog\cl.read.1.tlog
c:\users\young\desktop\source\halcon_extension\halcon_hik\build\halcon_hik.dir\debug\halcon_hik.tlog\cl.write.1.tlog
c:\users\young\desktop\source\halcon_extension\halcon_hik\build\halcon_hik.dir\debug\halcon_hik.tlog\custombuild.command.1.tlog
c:\users\young\desktop\source\halcon_extension\halcon_hik\build\halcon_hik.dir\debug\halcon_hik.tlog\custombuild.read.1.tlog
c:\users\young\desktop\source\halcon_extension\halcon_hik\build\halcon_hik.dir\debug\halcon_hik.tlog\custombuild.write.1.tlog
c:\users\young\desktop\source\halcon_extension\halcon_hik\build\halcon_hik.dir\debug\halcon_hik.tlog\link.command.1.tlog
c:\users\young\desktop\source\halcon_extension\halcon_hik\build\halcon_hik.dir\debug\halcon_hik.tlog\link.read.1.tlog
c:\users\young\desktop\source\halcon_extension\halcon_hik\build\halcon_hik.dir\debug\halcon_hik.tlog\link.secondary.1.tlog
c:\users\young\desktop\source\halcon_extension\halcon_hik\build\halcon_hik.dir\debug\halcon_hik.tlog\link.write.1.tlog
