c:\users\young\desktop\source\halcon_extension\halcon_hik\build\halcon_hikcppint.dir\debug\vc143.pdb
c:\users\young\desktop\source\halcon_extension\halcon_hik\build\halcon_hikcppint.dir\debug\hcpphalcon_hik.obj
c:\users\young\desktop\source\halcon_extension\halcon_hik\build\hcpphalcon_hik.cpp
c:\users\young\desktop\source\halcon_extension\halcon_hik\build\hcpphalcon_hik.h
c:\users\young\desktop\source\halcon_extension\halcon_hik\build\cmakefiles\generate.stamp
c:\users\young\desktop\source\halcon_extension\halcon_hik\bin\halcon_hikcpp.dll
c:\users\young\desktop\source\halcon_extension\halcon_hik\bin\halcon_hikcpp.pdb
c:\users\young\desktop\source\halcon_extension\halcon_hik\bin\halcon_hikcpp.lib
c:\users\young\desktop\source\halcon_extension\halcon_hik\bin\halcon_hikcpp.exp
c:\users\young\desktop\source\halcon_extension\halcon_hik\build\halcon_hikcppint.dir\debug\halcon_hikcpp.ilk
c:\users\young\desktop\source\halcon_extension\halcon_hik\build\halcon_hikcppint.dir\debug\halcon_hikcppint.tlog\cl.command.1.tlog
c:\users\young\desktop\source\halcon_extension\halcon_hik\build\halcon_hikcppint.dir\debug\halcon_hikcppint.tlog\cl.items.tlog
c:\users\young\desktop\source\halcon_extension\halcon_hik\build\halcon_hikcppint.dir\debug\halcon_hikcppint.tlog\cl.read.1.tlog
c:\users\young\desktop\source\halcon_extension\halcon_hik\build\halcon_hikcppint.dir\debug\halcon_hikcppint.tlog\cl.write.1.tlog
c:\users\young\desktop\source\halcon_extension\halcon_hik\build\halcon_hikcppint.dir\debug\halcon_hikcppint.tlog\custombuild.command.1.tlog
c:\users\young\desktop\source\halcon_extension\halcon_hik\build\halcon_hikcppint.dir\debug\halcon_hikcppint.tlog\custombuild.read.1.tlog
c:\users\young\desktop\source\halcon_extension\halcon_hik\build\halcon_hikcppint.dir\debug\halcon_hikcppint.tlog\custombuild.write.1.tlog
c:\users\young\desktop\source\halcon_extension\halcon_hik\build\halcon_hikcppint.dir\debug\halcon_hikcppint.tlog\link.command.1.tlog
c:\users\young\desktop\source\halcon_extension\halcon_hik\build\halcon_hikcppint.dir\debug\halcon_hikcppint.tlog\link.read.1.tlog
c:\users\young\desktop\source\halcon_extension\halcon_hik\build\halcon_hikcppint.dir\debug\halcon_hikcppint.tlog\link.secondary.1.tlog
c:\users\young\desktop\source\halcon_extension\halcon_hik\build\halcon_hikcppint.dir\debug\halcon_hikcppint.tlog\link.write.1.tlog
