c:\users\young\desktop\source\halcon_extension\halcon_hik\build\halcon_hikcint.dir\debug\vc143.pdb
c:\users\young\desktop\source\halcon_extension\halcon_hik\build\halcon_hikcint.dir\debug\hchalcon_hik.obj
c:\users\young\desktop\source\halcon_extension\halcon_hik\build\hchalcon_hik.c
c:\users\young\desktop\source\halcon_extension\halcon_hik\build\hchalcon_hik.h
c:\users\young\desktop\source\halcon_extension\halcon_hik\build\cmakefiles\generate.stamp
c:\users\young\desktop\source\halcon_extension\halcon_hik\bin\halcon_hikc.dll
c:\users\young\desktop\source\halcon_extension\halcon_hik\bin\halcon_hikc.pdb
c:\users\young\desktop\source\halcon_extension\halcon_hik\bin\halcon_hikc.lib
c:\users\young\desktop\source\halcon_extension\halcon_hik\bin\halcon_hikc.exp
c:\users\young\desktop\source\halcon_extension\halcon_hik\build\halcon_hikcint.dir\debug\halcon_hikc.ilk
c:\users\young\desktop\source\halcon_extension\halcon_hik\build\halcon_hikcint.dir\debug\halcon_hikcint.tlog\cl.command.1.tlog
c:\users\young\desktop\source\halcon_extension\halcon_hik\build\halcon_hikcint.dir\debug\halcon_hikcint.tlog\cl.items.tlog
c:\users\young\desktop\source\halcon_extension\halcon_hik\build\halcon_hikcint.dir\debug\halcon_hikcint.tlog\cl.read.1.tlog
c:\users\young\desktop\source\halcon_extension\halcon_hik\build\halcon_hikcint.dir\debug\halcon_hikcint.tlog\cl.write.1.tlog
c:\users\young\desktop\source\halcon_extension\halcon_hik\build\halcon_hikcint.dir\debug\halcon_hikcint.tlog\custombuild.command.1.tlog
c:\users\young\desktop\source\halcon_extension\halcon_hik\build\halcon_hikcint.dir\debug\halcon_hikcint.tlog\custombuild.read.1.tlog
c:\users\young\desktop\source\halcon_extension\halcon_hik\build\halcon_hikcint.dir\debug\halcon_hikcint.tlog\custombuild.write.1.tlog
c:\users\young\desktop\source\halcon_extension\halcon_hik\build\halcon_hikcint.dir\debug\halcon_hikcint.tlog\link.command.1.tlog
c:\users\young\desktop\source\halcon_extension\halcon_hik\build\halcon_hikcint.dir\debug\halcon_hikcint.tlog\link.read.1.tlog
c:\users\young\desktop\source\halcon_extension\halcon_hik\build\halcon_hikcint.dir\debug\halcon_hikcint.tlog\link.secondary.1.tlog
c:\users\young\desktop\source\halcon_extension\halcon_hik\build\halcon_hikcint.dir\debug\halcon_hikcint.tlog\link.write.1.tlog
