c:\users\young\desktop\source\halcon_extension\halcon_hik\build\doc\html\reference
c:\users\young\desktop\source\halcon_extension\halcon_hik\build\doc\html\reference\index.html
c:\users\young\desktop\source\halcon_extension\halcon_hik\build\doc\html\reference\index_by_name.html
c:\users\young\desktop\source\halcon_extension\halcon_hik\build\doc\html\reference\index_classes.html
c:\users\young\desktop\source\halcon_extension\halcon_hik\build\doc\html\reference\hik_stopphotograph.html
c:\users\young\desktop\source\halcon_extension\halcon_hik\build\doc\html\reference\hik_closecamera.html
c:\users\young\desktop\source\halcon_extension\halcon_hik\build\doc\html\reference\hik_startphotograph.html
c:\users\young\desktop\source\halcon_extension\halcon_hik\build\doc\html\reference\hik_setfloatparameters.html
c:\users\young\desktop\source\halcon_extension\halcon_hik\build\doc\html\reference\hik_setcommandparameters.html
c:\users\young\desktop\source\halcon_extension\halcon_hik\build\doc\html\reference\hik_setintparameters.html
c:\users\young\desktop\source\halcon_extension\halcon_hik\build\doc\html\reference\hik_setenumsparameters.html
c:\users\young\desktop\source\halcon_extension\halcon_hik\build\doc\html\reference\hik_opencamera.html
c:\users\young\desktop\source\halcon_extension\halcon_hik\build\doc\html\reference\hik_opencapturecard.html
c:\users\young\desktop\source\halcon_extension\halcon_hik\build\doc\html\reference\hik_setboolparameters.html
c:\users\young\desktop\source\halcon_extension\halcon_hik\build\doc\html\reference\hhik.html
c:\users\young\desktop\source\halcon_extension\halcon_hik\build\doc\html\reference\toc_userextensions.html
c:\users\young\desktop\source\halcon_extension\halcon_hik\build\cmakefiles\halcon_hik_html
c:\users\young\desktop\source\halcon_extension\halcon_hik\build\cmakefiles\generate.stamp
c:\users\young\desktop\source\halcon_extension\halcon_hik\build\x64\debug\halcon_hik_html\halcon_hik_html.tlog\custombuild.command.1.tlog
c:\users\young\desktop\source\halcon_extension\halcon_hik\build\x64\debug\halcon_hik_html\halcon_hik_html.tlog\custombuild.read.1.tlog
c:\users\young\desktop\source\halcon_extension\halcon_hik\build\x64\debug\halcon_hik_html\halcon_hik_html.tlog\custombuild.write.1.tlog
